  main.cpp
D:\Computer\Development\Game\ComputerGraphics\OpenGL\External Libs\GLFW\include\GLFW\glfw3.h(3235,1): warning C4819: 현재 코드 페이지(949)에서 표시할 수 없는 문자가 파일에 들어 있습니다. 데이터가 손실되지 않게 하려면 해당 파일을 유니코드 형식으로 저장하십시오.
D:\Computer\Development\Game\ComputerGraphics\OpenGL\utils\arcball.h(82,27): warning C4244: '=': 'double'에서 'T'(으)로 변환하면서 데이터가 손실될 수 있습니다.
          with
          [
              T=float
          ]
D:\Computer\Development\Game\ComputerGraphics\OpenGL\projects\Ex07\Ex07\quadpyra.h(63,9): warning C4305: '초기화 중': 'double'에서 'GLfloat'(으)로 잘립니다.
D:\Computer\Development\Game\ComputerGraphics\OpenGL\projects\Ex07\Ex07\quadpyra.h(63,17): warning C4305: '초기화 중': 'double'에서 'GLfloat'(으)로 잘립니다.
D:\Computer\Development\Game\ComputerGraphics\OpenGL\projects\Ex07\Ex07\quadpyra.h(63,29): warning C4305: '초기화 중': 'double'에서 'GLfloat'(으)로 잘립니다.
D:\Computer\Development\Game\ComputerGraphics\OpenGL\projects\Ex07\Ex07\quadpyra.h(63,36): warning C4305: '초기화 중': 'double'에서 'GLfloat'(으)로 잘립니다.
D:\Computer\Development\Game\ComputerGraphics\OpenGL\projects\Ex07\Ex07\quadpyra.h(63,49): warning C4305: '초기화 중': 'double'에서 'GLfloat'(으)로 잘립니다.
D:\Computer\Development\Game\ComputerGraphics\OpenGL\projects\Ex07\Ex07\quadpyra.h(63,56): warning C4305: '초기화 중': 'double'에서 'GLfloat'(으)로 잘립니다.
D:\Computer\Development\Game\ComputerGraphics\OpenGL\projects\Ex07\Ex07\quadpyra.h(64,9): warning C4305: '초기화 중': 'double'에서 'GLfloat'(으)로 잘립니다.
D:\Computer\Development\Game\ComputerGraphics\OpenGL\projects\Ex07\Ex07\quadpyra.h(64,17): warning C4305: '초기화 중': 'double'에서 'GLfloat'(으)로 잘립니다.
D:\Computer\Development\Game\ComputerGraphics\OpenGL\projects\Ex07\Ex07\quadpyra.h(64,29): warning C4305: '초기화 중': 'double'에서 'GLfloat'(으)로 잘립니다.
D:\Computer\Development\Game\ComputerGraphics\OpenGL\projects\Ex07\Ex07\quadpyra.h(64,36): warning C4305: '초기화 중': 'double'에서 'GLfloat'(으)로 잘립니다.
D:\Computer\Development\Game\ComputerGraphics\OpenGL\projects\Ex07\Ex07\quadpyra.h(64,49): warning C4305: '초기화 중': 'double'에서 'GLfloat'(으)로 잘립니다.
D:\Computer\Development\Game\ComputerGraphics\OpenGL\projects\Ex07\Ex07\quadpyra.h(64,56): warning C4305: '초기화 중': 'double'에서 'GLfloat'(으)로 잘립니다.
D:\Computer\Development\Game\ComputerGraphics\OpenGL\projects\Ex07\Ex07\quadpyra.h(65,9): warning C4305: '초기화 중': 'double'에서 'GLfloat'(으)로 잘립니다.
D:\Computer\Development\Game\ComputerGraphics\OpenGL\projects\Ex07\Ex07\quadpyra.h(65,17): warning C4305: '초기화 중': 'double'에서 'GLfloat'(으)로 잘립니다.
D:\Computer\Development\Game\ComputerGraphics\OpenGL\projects\Ex07\Ex07\quadpyra.h(65,29): warning C4305: '초기화 중': 'double'에서 'GLfloat'(으)로 잘립니다.
D:\Computer\Development\Game\ComputerGraphics\OpenGL\projects\Ex07\Ex07\quadpyra.h(65,36): warning C4305: '초기화 중': 'double'에서 'GLfloat'(으)로 잘립니다.
D:\Computer\Development\Game\ComputerGraphics\OpenGL\projects\Ex07\Ex07\quadpyra.h(65,49): warning C4305: '초기화 중': 'double'에서 'GLfloat'(으)로 잘립니다.
D:\Computer\Development\Game\ComputerGraphics\OpenGL\projects\Ex07\Ex07\quadpyra.h(65,56): warning C4305: '초기화 중': 'double'에서 'GLfloat'(으)로 잘립니다.
D:\Computer\Development\Game\ComputerGraphics\OpenGL\projects\Ex07\Ex07\quadpyra.h(66,9): warning C4305: '초기화 중': 'double'에서 'GLfloat'(으)로 잘립니다.
D:\Computer\Development\Game\ComputerGraphics\OpenGL\projects\Ex07\Ex07\quadpyra.h(66,17): warning C4305: '초기화 중': 'double'에서 'GLfloat'(으)로 잘립니다.
D:\Computer\Development\Game\ComputerGraphics\OpenGL\projects\Ex07\Ex07\quadpyra.h(66,29): warning C4305: '초기화 중': 'double'에서 'GLfloat'(으)로 잘립니다.
D:\Computer\Development\Game\ComputerGraphics\OpenGL\projects\Ex07\Ex07\quadpyra.h(66,36): warning C4305: '초기화 중': 'double'에서 'GLfloat'(으)로 잘립니다.
D:\Computer\Development\Game\ComputerGraphics\OpenGL\projects\Ex07\Ex07\quadpyra.h(66,49): warning C4305: '초기화 중': 'double'에서 'GLfloat'(으)로 잘립니다.
D:\Computer\Development\Game\ComputerGraphics\OpenGL\projects\Ex07\Ex07\quadpyra.h(66,56): warning C4305: '초기화 중': 'double'에서 'GLfloat'(으)로 잘립니다.
D:\Computer\Development\Game\ComputerGraphics\OpenGL\projects\Ex07\Ex07\quadpyra.h(67,9): warning C4305: '초기화 중': 'double'에서 'GLfloat'(으)로 잘립니다.
D:\Computer\Development\Game\ComputerGraphics\OpenGL\projects\Ex07\Ex07\quadpyra.h(67,17): warning C4305: '초기화 중': 'double'에서 'GLfloat'(으)로 잘립니다.
D:\Computer\Development\Game\ComputerGraphics\OpenGL\projects\Ex07\Ex07\quadpyra.h(67,29): warning C4305: '초기화 중': 'double'에서 'GLfloat'(으)로 잘립니다.
D:\Computer\Development\Game\ComputerGraphics\OpenGL\projects\Ex07\Ex07\quadpyra.h(67,36): warning C4305: '초기화 중': 'double'에서 'GLfloat'(으)로 잘립니다.
D:\Computer\Development\Game\ComputerGraphics\OpenGL\projects\Ex07\Ex07\quadpyra.h(67,49): warning C4305: '초기화 중': 'double'에서 'GLfloat'(으)로 잘립니다.
D:\Computer\Development\Game\ComputerGraphics\OpenGL\projects\Ex07\Ex07\quadpyra.h(67,56): warning C4305: '초기화 중': 'double'에서 'GLfloat'(으)로 잘립니다.
D:\Computer\Development\Game\ComputerGraphics\OpenGL\projects\Ex07\Ex07\quadpyra.h(67,69): warning C4305: '초기화 중': 'double'에서 'GLfloat'(으)로 잘립니다.
D:\Computer\Development\Game\ComputerGraphics\OpenGL\projects\Ex07\Ex07\quadpyra.h(67,76): warning C4305: '초기화 중': 'double'에서 'GLfloat'(으)로 잘립니다.
LINK : warning LNK4098: 'MSVCRT' defaultlib가 다른 라이브러리와 충돌합니다. /NODEFAULTLIB:library를 사용하십시오.
  Ex07.vcxproj -> D:\Computer\Development\Game\ComputerGraphics\OpenGL\projects\Ex07\Debug\Ex07.exe
