  main.cpp
D:\Computer\Development\Game\ComputerGraphics\OpenGL\External Libs\GLFW\include\GLFW\glfw3.h(3235,1): warning C4819: 현재 코드 페이지(949)에서 표시할 수 없는 문자가 파일에 들어 있습니다. 데이터가 손실되지 않게 하려면 해당 파일을 유니코드 형식으로 저장하십시오.
D:\Computer\Development\Game\ComputerGraphics\OpenGL\utils\arcball.h(82,27): warning C4244: '=': 'double'에서 'T'(으)로 변환하면서 데이터가 손실될 수 있습니다.
          with
          [
              T=float
          ]
D:\Computer\Development\Game\ComputerGraphics\OpenGL\projects\Ex09\Ex09\quadpyra.h(58,22): warning C4305: '초기화 중': 'double'에서 'GLfloat'(으)로 잘립니다.
D:\Computer\Development\Game\ComputerGraphics\OpenGL\projects\Ex09\Ex09\quadpyra.h(58,31): warning C4305: '초기화 중': 'double'에서 'GLfloat'(으)로 잘립니다.
D:\Computer\Development\Game\ComputerGraphics\OpenGL\projects\Ex09\Ex09\quadpyra.h(58,40): warning C4305: '초기화 중': 'double'에서 'GLfloat'(으)로 잘립니다.
D:\Computer\Development\Game\ComputerGraphics\OpenGL\projects\Ex09\Ex09\quadpyra.h(58,52): warning C4305: '초기화 중': 'double'에서 'GLfloat'(으)로 잘립니다.
D:\Computer\Development\Game\ComputerGraphics\OpenGL\projects\Ex09\Ex09\quadpyra.h(58,61): warning C4305: '초기화 중': 'double'에서 'GLfloat'(으)로 잘립니다.
D:\Computer\Development\Game\ComputerGraphics\OpenGL\projects\Ex09\Ex09\quadpyra.h(58,70): warning C4305: '초기화 중': 'double'에서 'GLfloat'(으)로 잘립니다.
D:\Computer\Development\Game\ComputerGraphics\OpenGL\projects\Ex09\Ex09\quadpyra.h(59,22): warning C4305: '초기화 중': 'double'에서 'GLfloat'(으)로 잘립니다.
D:\Computer\Development\Game\ComputerGraphics\OpenGL\projects\Ex09\Ex09\quadpyra.h(59,31): warning C4305: '초기화 중': 'double'에서 'GLfloat'(으)로 잘립니다.
D:\Computer\Development\Game\ComputerGraphics\OpenGL\projects\Ex09\Ex09\quadpyra.h(59,40): warning C4305: '초기화 중': 'double'에서 'GLfloat'(으)로 잘립니다.
D:\Computer\Development\Game\ComputerGraphics\OpenGL\projects\Ex09\Ex09\quadpyra.h(59,52): warning C4305: '초기화 중': 'double'에서 'GLfloat'(으)로 잘립니다.
D:\Computer\Development\Game\ComputerGraphics\OpenGL\projects\Ex09\Ex09\quadpyra.h(59,61): warning C4305: '초기화 중': 'double'에서 'GLfloat'(으)로 잘립니다.
D:\Computer\Development\Game\ComputerGraphics\OpenGL\projects\Ex09\Ex09\quadpyra.h(59,70): warning C4305: '초기화 중': 'double'에서 'GLfloat'(으)로 잘립니다.
D:\Computer\Development\Game\ComputerGraphics\OpenGL\projects\Ex09\Ex09\quadpyra.h(60,22): warning C4305: '초기화 중': 'double'에서 'GLfloat'(으)로 잘립니다.
D:\Computer\Development\Game\ComputerGraphics\OpenGL\projects\Ex09\Ex09\quadpyra.h(60,31): warning C4305: '초기화 중': 'double'에서 'GLfloat'(으)로 잘립니다.
D:\Computer\Development\Game\ComputerGraphics\OpenGL\projects\Ex09\Ex09\quadpyra.h(60,40): warning C4305: '초기화 중': 'double'에서 'GLfloat'(으)로 잘립니다.
D:\Computer\Development\Game\ComputerGraphics\OpenGL\projects\Ex09\Ex09\quadpyra.h(60,52): warning C4305: '초기화 중': 'double'에서 'GLfloat'(으)로 잘립니다.
D:\Computer\Development\Game\ComputerGraphics\OpenGL\projects\Ex09\Ex09\quadpyra.h(60,61): warning C4305: '초기화 중': 'double'에서 'GLfloat'(으)로 잘립니다.
D:\Computer\Development\Game\ComputerGraphics\OpenGL\projects\Ex09\Ex09\quadpyra.h(60,70): warning C4305: '초기화 중': 'double'에서 'GLfloat'(으)로 잘립니다.
D:\Computer\Development\Game\ComputerGraphics\OpenGL\projects\Ex09\Ex09\quadpyra.h(61,22): warning C4305: '초기화 중': 'double'에서 'GLfloat'(으)로 잘립니다.
D:\Computer\Development\Game\ComputerGraphics\OpenGL\projects\Ex09\Ex09\quadpyra.h(61,31): warning C4305: '초기화 중': 'double'에서 'GLfloat'(으)로 잘립니다.
D:\Computer\Development\Game\ComputerGraphics\OpenGL\projects\Ex09\Ex09\quadpyra.h(61,40): warning C4305: '초기화 중': 'double'에서 'GLfloat'(으)로 잘립니다.
D:\Computer\Development\Game\ComputerGraphics\OpenGL\projects\Ex09\Ex09\quadpyra.h(61,52): warning C4305: '초기화 중': 'double'에서 'GLfloat'(으)로 잘립니다.
D:\Computer\Development\Game\ComputerGraphics\OpenGL\projects\Ex09\Ex09\quadpyra.h(61,61): warning C4305: '초기화 중': 'double'에서 'GLfloat'(으)로 잘립니다.
D:\Computer\Development\Game\ComputerGraphics\OpenGL\projects\Ex09\Ex09\quadpyra.h(61,70): warning C4305: '초기화 중': 'double'에서 'GLfloat'(으)로 잘립니다.
D:\Computer\Development\Game\ComputerGraphics\OpenGL\projects\Ex09\Ex09\quadpyra.h(62,10): warning C4305: '초기화 중': 'double'에서 'GLfloat'(으)로 잘립니다.
D:\Computer\Development\Game\ComputerGraphics\OpenGL\projects\Ex09\Ex09\quadpyra.h(62,19): warning C4305: '초기화 중': 'double'에서 'GLfloat'(으)로 잘립니다.
D:\Computer\Development\Game\ComputerGraphics\OpenGL\projects\Ex09\Ex09\quadpyra.h(62,28): warning C4305: '초기화 중': 'double'에서 'GLfloat'(으)로 잘립니다.
D:\Computer\Development\Game\ComputerGraphics\OpenGL\projects\Ex09\Ex09\quadpyra.h(62,38): warning C4305: '초기화 중': 'double'에서 'GLfloat'(으)로 잘립니다.
D:\Computer\Development\Game\ComputerGraphics\OpenGL\projects\Ex09\Ex09\quadpyra.h(62,48): warning C4305: '초기화 중': 'double'에서 'GLfloat'(으)로 잘립니다.
D:\Computer\Development\Game\ComputerGraphics\OpenGL\projects\Ex09\Ex09\quadpyra.h(62,57): warning C4305: '초기화 중': 'double'에서 'GLfloat'(으)로 잘립니다.
D:\Computer\Development\Game\ComputerGraphics\OpenGL\projects\Ex09\Ex09\quadpyra.h(62,67): warning C4305: '초기화 중': 'double'에서 'GLfloat'(으)로 잘립니다.
D:\Computer\Development\Game\ComputerGraphics\OpenGL\projects\Ex09\Ex09\quadpyra.h(62,77): warning C4305: '초기화 중': 'double'에서 'GLfloat'(으)로 잘립니다.
D:\Computer\Development\Game\ComputerGraphics\OpenGL\projects\Ex09\Ex09\quadpyra.h(62,86): warning C4305: '초기화 중': 'double'에서 'GLfloat'(으)로 잘립니다.
D:\Computer\Development\Game\ComputerGraphics\OpenGL\projects\Ex09\Ex09\quadpyra.h(62,97): warning C4305: '초기화 중': 'double'에서 'GLfloat'(으)로 잘립니다.
D:\Computer\Development\Game\ComputerGraphics\OpenGL\projects\Ex09\Ex09\quadpyra.h(62,106): warning C4305: '초기화 중': 'double'에서 'GLfloat'(으)로 잘립니다.
D:\Computer\Development\Game\ComputerGraphics\OpenGL\projects\Ex09\Ex09\quadpyra.h(62,115): warning C4305: '초기화 중': 'double'에서 'GLfloat'(으)로 잘립니다.
D:\Computer\Development\Game\ComputerGraphics\OpenGL\projects\Ex09\Ex09\quadpyra.h(78,9): warning C4305: '초기화 중': 'double'에서 'GLfloat'(으)로 잘립니다.
D:\Computer\Development\Game\ComputerGraphics\OpenGL\projects\Ex09\Ex09\quadpyra.h(78,17): warning C4305: '초기화 중': 'double'에서 'GLfloat'(으)로 잘립니다.
D:\Computer\Development\Game\ComputerGraphics\OpenGL\projects\Ex09\Ex09\quadpyra.h(78,29): warning C4305: '초기화 중': 'double'에서 'GLfloat'(으)로 잘립니다.
D:\Computer\Development\Game\ComputerGraphics\OpenGL\projects\Ex09\Ex09\quadpyra.h(78,36): warning C4305: '초기화 중': 'double'에서 'GLfloat'(으)로 잘립니다.
D:\Computer\Development\Game\ComputerGraphics\OpenGL\projects\Ex09\Ex09\quadpyra.h(78,49): warning C4305: '초기화 중': 'double'에서 'GLfloat'(으)로 잘립니다.
D:\Computer\Development\Game\ComputerGraphics\OpenGL\projects\Ex09\Ex09\quadpyra.h(78,56): warning C4305: '초기화 중': 'double'에서 'GLfloat'(으)로 잘립니다.
D:\Computer\Development\Game\ComputerGraphics\OpenGL\projects\Ex09\Ex09\quadpyra.h(79,9): warning C4305: '초기화 중': 'double'에서 'GLfloat'(으)로 잘립니다.
D:\Computer\Development\Game\ComputerGraphics\OpenGL\projects\Ex09\Ex09\quadpyra.h(79,17): warning C4305: '초기화 중': 'double'에서 'GLfloat'(으)로 잘립니다.
D:\Computer\Development\Game\ComputerGraphics\OpenGL\projects\Ex09\Ex09\quadpyra.h(79,29): warning C4305: '초기화 중': 'double'에서 'GLfloat'(으)로 잘립니다.
D:\Computer\Development\Game\ComputerGraphics\OpenGL\projects\Ex09\Ex09\quadpyra.h(79,36): warning C4305: '초기화 중': 'double'에서 'GLfloat'(으)로 잘립니다.
D:\Computer\Development\Game\ComputerGraphics\OpenGL\projects\Ex09\Ex09\quadpyra.h(79,49): warning C4305: '초기화 중': 'double'에서 'GLfloat'(으)로 잘립니다.
D:\Computer\Development\Game\ComputerGraphics\OpenGL\projects\Ex09\Ex09\quadpyra.h(79,56): warning C4305: '초기화 중': 'double'에서 'GLfloat'(으)로 잘립니다.
D:\Computer\Development\Game\ComputerGraphics\OpenGL\projects\Ex09\Ex09\quadpyra.h(80,9): warning C4305: '초기화 중': 'double'에서 'GLfloat'(으)로 잘립니다.
D:\Computer\Development\Game\ComputerGraphics\OpenGL\projects\Ex09\Ex09\quadpyra.h(80,17): warning C4305: '초기화 중': 'double'에서 'GLfloat'(으)로 잘립니다.
D:\Computer\Development\Game\ComputerGraphics\OpenGL\projects\Ex09\Ex09\quadpyra.h(80,29): warning C4305: '초기화 중': 'double'에서 'GLfloat'(으)로 잘립니다.
D:\Computer\Development\Game\ComputerGraphics\OpenGL\projects\Ex09\Ex09\quadpyra.h(80,36): warning C4305: '초기화 중': 'double'에서 'GLfloat'(으)로 잘립니다.
D:\Computer\Development\Game\ComputerGraphics\OpenGL\projects\Ex09\Ex09\quadpyra.h(80,49): warning C4305: '초기화 중': 'double'에서 'GLfloat'(으)로 잘립니다.
D:\Computer\Development\Game\ComputerGraphics\OpenGL\projects\Ex09\Ex09\quadpyra.h(80,56): warning C4305: '초기화 중': 'double'에서 'GLfloat'(으)로 잘립니다.
D:\Computer\Development\Game\ComputerGraphics\OpenGL\projects\Ex09\Ex09\quadpyra.h(81,9): warning C4305: '초기화 중': 'double'에서 'GLfloat'(으)로 잘립니다.
D:\Computer\Development\Game\ComputerGraphics\OpenGL\projects\Ex09\Ex09\quadpyra.h(81,17): warning C4305: '초기화 중': 'double'에서 'GLfloat'(으)로 잘립니다.
D:\Computer\Development\Game\ComputerGraphics\OpenGL\projects\Ex09\Ex09\quadpyra.h(81,29): warning C4305: '초기화 중': 'double'에서 'GLfloat'(으)로 잘립니다.
D:\Computer\Development\Game\ComputerGraphics\OpenGL\projects\Ex09\Ex09\quadpyra.h(81,36): warning C4305: '초기화 중': 'double'에서 'GLfloat'(으)로 잘립니다.
D:\Computer\Development\Game\ComputerGraphics\OpenGL\projects\Ex09\Ex09\quadpyra.h(81,49): warning C4305: '초기화 중': 'double'에서 'GLfloat'(으)로 잘립니다.
D:\Computer\Development\Game\ComputerGraphics\OpenGL\projects\Ex09\Ex09\quadpyra.h(81,56): warning C4305: '초기화 중': 'double'에서 'GLfloat'(으)로 잘립니다.
D:\Computer\Development\Game\ComputerGraphics\OpenGL\projects\Ex09\Ex09\quadpyra.h(82,9): warning C4305: '초기화 중': 'double'에서 'GLfloat'(으)로 잘립니다.
D:\Computer\Development\Game\ComputerGraphics\OpenGL\projects\Ex09\Ex09\quadpyra.h(82,17): warning C4305: '초기화 중': 'double'에서 'GLfloat'(으)로 잘립니다.
D:\Computer\Development\Game\ComputerGraphics\OpenGL\projects\Ex09\Ex09\quadpyra.h(82,29): warning C4305: '초기화 중': 'double'에서 'GLfloat'(으)로 잘립니다.
D:\Computer\Development\Game\ComputerGraphics\OpenGL\projects\Ex09\Ex09\quadpyra.h(82,36): warning C4305: '초기화 중': 'double'에서 'GLfloat'(으)로 잘립니다.
D:\Computer\Development\Game\ComputerGraphics\OpenGL\projects\Ex09\Ex09\quadpyra.h(82,49): warning C4305: '초기화 중': 'double'에서 'GLfloat'(으)로 잘립니다.
D:\Computer\Development\Game\ComputerGraphics\OpenGL\projects\Ex09\Ex09\quadpyra.h(82,56): warning C4305: '초기화 중': 'double'에서 'GLfloat'(으)로 잘립니다.
D:\Computer\Development\Game\ComputerGraphics\OpenGL\projects\Ex09\Ex09\quadpyra.h(82,69): warning C4305: '초기화 중': 'double'에서 'GLfloat'(으)로 잘립니다.
D:\Computer\Development\Game\ComputerGraphics\OpenGL\projects\Ex09\Ex09\quadpyra.h(82,76): warning C4305: '초기화 중': 'double'에서 'GLfloat'(으)로 잘립니다.
LINK : warning LNK4098: 'MSVCRT' defaultlib가 다른 라이브러리와 충돌합니다. /NODEFAULTLIB:library를 사용하십시오.
  Ex09.vcxproj -> D:\Computer\Development\Game\ComputerGraphics\OpenGL\projects\Ex09\Debug\Ex09.exe
